INFO:sim:172 - Generating IP...
Resolving generics for 'stringsBROM'...
Applying external generics to 'stringsBROM'...
Delivering associated files for 'stringsBROM'...
Delivering EJava files for 'stringsBROM'...
Generating implementation netlist for 'stringsBROM'...
INFO:sim - Pre-processing HDL files for 'stringsBROM'...
Running synthesis for 'stringsBROM'
Running ngcbuild...
Writing VEO instantiation template for 'stringsBROM'...
Writing Verilog behavioral simulation model for 'stringsBROM'...
WARNING:sim - Overwriting existing file D:/PS2
   test/PS2test/ipcore_dir/stringsBRAM/tmp/_cg/stringsBROM/doc/blk_mem_gen_v7_3_
   vinfo.html with file from view xilinx_documentation
Delivered 1 file into directory D:/PS2
test/PS2test/ipcore_dir/stringsBRAM/tmp/_cg/stringsBROM
Generating ASY schematic symbol...
INFO:sim:949 - Finished generation of ASY schematic symbol.
Generating SYM schematic symbol for 'stringsBROM'...
Generating metadata file...
Generating ISE project file for 'stringsBROM'...
Generating ISE project...
XCO file found: stringsBROM.xco
XMDF file found: stringsBROM_xmdf.tcl
Adding D:/PS2 test/PS2test/ipcore_dir/stringsBRAM/tmp/_cg/stringsBROM.asy -view
all -origin_type imported
Adding D:/PS2 test/PS2test/ipcore_dir/stringsBRAM/tmp/_cg/stringsBROM.ngc -view
all -origin_type created
Checking file "D:/PS2
test/PS2test/ipcore_dir/stringsBRAM/tmp/_cg/stringsBROM.ngc" for project device
match ...
File "D:/PS2 test/PS2test/ipcore_dir/stringsBRAM/tmp/_cg/stringsBROM.ngc" device
information matches project device.
Adding D:/PS2 test/PS2test/ipcore_dir/stringsBRAM/tmp/_cg/stringsBROM.sym -view
all -origin_type imported
Adding D:/PS2 test/PS2test/ipcore_dir/stringsBRAM/tmp/_cg/stringsBROM.v -view
all -origin_type created
INFO:HDLCompiler:1845 - Analyzing Verilog file "D:/PS2
   test/PS2test/ipcore_dir/stringsBRAM/tmp/_cg/stringsBROM.v" into library work
INFO:ProjectMgmt - Parsing design hierarchy completed successfully.
Adding D:/PS2 test/PS2test/ipcore_dir/stringsBRAM/tmp/_cg/stringsBROM.veo -view
all -origin_type imported
INFO:TclTasksC:2116 - The automatic calculation of top has been turned-off.
   Please set the new top explicitly by running the "project set top" command.
   To re-calculate the new top automatically, set the "Auto Implementation Top"
   property to true.
Top level has been set to "/stringsBROM"
Generating README file...
Generating FLIST file...
INFO:sim:948 - Finished FLIST file generation.
Launching README viewer...
Moving files to output directory...
Finished moving files to output directory
Wrote CGP file for project 'stringsBROM'.
