INFO:sim:172 - Generating IP...
Resolving generics for 'numbersBROM'...
Applying external generics to 'numbersBROM'...
Delivering associated files for 'numbersBROM'...
Delivering EJava files for 'numbersBROM'...
Generating implementation netlist for 'numbersBROM'...
INFO:sim - Pre-processing HDL files for 'numbersBROM'...
Running synthesis for 'numbersBROM'
Running ngcbuild...
Writing VEO instantiation template for 'numbersBROM'...
Writing Verilog behavioral simulation model for 'numbersBROM'...
WARNING:sim - Overwriting existing file D:/PS2
   test/PS2test/ipcore_dir/numbersBRAM/tmp/_cg/numbersBROM/doc/blk_mem_gen_v7_3_
   vinfo.html with file from view xilinx_documentation
Delivered 1 file into directory D:/PS2
test/PS2test/ipcore_dir/numbersBRAM/tmp/_cg/numbersBROM
Generating ASY schematic symbol...
INFO:sim:949 - Finished generation of ASY schematic symbol.
Generating SYM schematic symbol for 'numbersBROM'...
Generating metadata file...
Generating ISE project file for 'numbersBROM'...
Generating ISE project...
XCO file found: numbersBROM.xco
XMDF file found: numbersBROM_xmdf.tcl
Adding D:/PS2 test/PS2test/ipcore_dir/numbersBRAM/tmp/_cg/numbersBROM.asy -view
all -origin_type imported
Adding D:/PS2 test/PS2test/ipcore_dir/numbersBRAM/tmp/_cg/numbersBROM.ngc -view
all -origin_type created
Checking file "D:/PS2
test/PS2test/ipcore_dir/numbersBRAM/tmp/_cg/numbersBROM.ngc" for project device
match ...
File "D:/PS2 test/PS2test/ipcore_dir/numbersBRAM/tmp/_cg/numbersBROM.ngc" device
information matches project device.
Adding D:/PS2 test/PS2test/ipcore_dir/numbersBRAM/tmp/_cg/numbersBROM.sym -view
all -origin_type imported
Adding D:/PS2 test/PS2test/ipcore_dir/numbersBRAM/tmp/_cg/numbersBROM.v -view
all -origin_type created
INFO:HDLCompiler:1845 - Analyzing Verilog file "D:/PS2
   test/PS2test/ipcore_dir/numbersBRAM/tmp/_cg/numbersBROM.v" into library work
INFO:ProjectMgmt - Parsing design hierarchy completed successfully.
Adding D:/PS2 test/PS2test/ipcore_dir/numbersBRAM/tmp/_cg/numbersBROM.veo -view
all -origin_type imported
INFO:TclTasksC:2116 - The automatic calculation of top has been turned-off.
   Please set the new top explicitly by running the "project set top" command.
   To re-calculate the new top automatically, set the "Auto Implementation Top"
   property to true.
Top level has been set to "/numbersBROM"
Generating README file...
Generating FLIST file...
INFO:sim:948 - Finished FLIST file generation.
Launching README viewer...
Moving files to output directory...
Finished moving files to output directory
Wrote CGP file for project 'numbersBROM'.
