INFO:sim:172 - Generating IP...
Resolving generics for 'titleBRAM'...
Applying external generics to 'titleBRAM'...
Delivering associated files for 'titleBRAM'...
Delivering EJava files for 'titleBRAM'...
Generating implementation netlist for 'titleBRAM'...
INFO:sim - Pre-processing HDL files for 'titleBRAM'...
Running synthesis for 'titleBRAM'
Running ngcbuild...
Writing VEO instantiation template for 'titleBRAM'...
Writing Verilog behavioral simulation model for 'titleBRAM'...
WARNING:sim - Overwriting existing file D:/PS2
   test/PS2test/ipcore_dir/titleBRAM/tmp/_cg/titleBRAM/doc/blk_mem_gen_v7_3_vinf
   o.html with file from view xilinx_documentation
Delivered 1 file into directory D:/PS2
test/PS2test/ipcore_dir/titleBRAM/tmp/_cg/titleBRAM
Generating ASY schematic symbol...
INFO:sim:949 - Finished generation of ASY schematic symbol.
Generating SYM schematic symbol for 'titleBRAM'...
Generating metadata file...
Generating ISE project file for 'titleBRAM'...
Generating ISE project...
XCO file found: titleBRAM.xco
XMDF file found: titleBRAM_xmdf.tcl
Adding D:/PS2 test/PS2test/ipcore_dir/titleBRAM/tmp/_cg/titleBRAM.asy -view all
-origin_type imported
Adding D:/PS2 test/PS2test/ipcore_dir/titleBRAM/tmp/_cg/titleBRAM.ngc -view all
-origin_type created
Checking file "D:/PS2 test/PS2test/ipcore_dir/titleBRAM/tmp/_cg/titleBRAM.ngc"
for project device match ...
File "D:/PS2 test/PS2test/ipcore_dir/titleBRAM/tmp/_cg/titleBRAM.ngc" device
information matches project device.
Adding D:/PS2 test/PS2test/ipcore_dir/titleBRAM/tmp/_cg/titleBRAM.sym -view all
-origin_type imported
Adding D:/PS2 test/PS2test/ipcore_dir/titleBRAM/tmp/_cg/titleBRAM.v -view all
-origin_type created
INFO:HDLCompiler:1845 - Analyzing Verilog file "D:/PS2
   test/PS2test/ipcore_dir/titleBRAM/tmp/_cg/titleBRAM.v" into library work
INFO:ProjectMgmt - Parsing design hierarchy completed successfully.
Adding D:/PS2 test/PS2test/ipcore_dir/titleBRAM/tmp/_cg/titleBRAM.veo -view all
-origin_type imported
INFO:TclTasksC:2116 - The automatic calculation of top has been turned-off.
   Please set the new top explicitly by running the "project set top" command.
   To re-calculate the new top automatically, set the "Auto Implementation Top"
   property to true.
Top level has been set to "/titleBRAM"
Generating README file...
Generating FLIST file...
INFO:sim:948 - Finished FLIST file generation.
Launching README viewer...
Moving files to output directory...
Finished moving files to output directory
Wrote CGP file for project 'titleBRAM'.
