INFO:sim:172 - Generating IP...
Resolving generics for 'helpBRAM'...
Applying external generics to 'helpBRAM'...
Delivering associated files for 'helpBRAM'...
Delivering EJava files for 'helpBRAM'...
Generating implementation netlist for 'helpBRAM'...
INFO:sim - Pre-processing HDL files for 'helpBRAM'...
Running synthesis for 'helpBRAM'
Running ngcbuild...
Writing VEO instantiation template for 'helpBRAM'...
Writing Verilog behavioral simulation model for 'helpBRAM'...
WARNING:sim - Overwriting existing file D:/PS2
   test/PS2test/ipcore_dir/helpBRAM/tmp/_cg/helpBRAM/doc/blk_mem_gen_v7_3_vinfo.
   html with file from view xilinx_documentation
Delivered 1 file into directory D:/PS2
test/PS2test/ipcore_dir/helpBRAM/tmp/_cg/helpBRAM
Generating ASY schematic symbol...
INFO:sim:949 - Finished generation of ASY schematic symbol.
Generating SYM schematic symbol for 'helpBRAM'...
Generating metadata file...
Generating ISE project file for 'helpBRAM'...
Generating ISE project...
XCO file found: helpBRAM.xco
XMDF file found: helpBRAM_xmdf.tcl
Adding D:/PS2 test/PS2test/ipcore_dir/helpBRAM/tmp/_cg/helpBRAM.asy -view all
-origin_type imported
Adding D:/PS2 test/PS2test/ipcore_dir/helpBRAM/tmp/_cg/helpBRAM.ngc -view all
-origin_type created
Checking file "D:/PS2 test/PS2test/ipcore_dir/helpBRAM/tmp/_cg/helpBRAM.ngc" for
project device match ...
File "D:/PS2 test/PS2test/ipcore_dir/helpBRAM/tmp/_cg/helpBRAM.ngc" device
information matches project device.
Adding D:/PS2 test/PS2test/ipcore_dir/helpBRAM/tmp/_cg/helpBRAM.sym -view all
-origin_type imported
Adding D:/PS2 test/PS2test/ipcore_dir/helpBRAM/tmp/_cg/helpBRAM.v -view all
-origin_type created
INFO:HDLCompiler:1845 - Analyzing Verilog file "D:/PS2
   test/PS2test/ipcore_dir/helpBRAM/tmp/_cg/helpBRAM.v" into library work
INFO:ProjectMgmt - Parsing design hierarchy completed successfully.
Adding D:/PS2 test/PS2test/ipcore_dir/helpBRAM/tmp/_cg/helpBRAM.veo -view all
-origin_type imported
INFO:TclTasksC:2116 - The automatic calculation of top has been turned-off.
   Please set the new top explicitly by running the "project set top" command.
   To re-calculate the new top automatically, set the "Auto Implementation Top"
   property to true.
Top level has been set to "/helpBRAM"
Generating README file...
Generating FLIST file...
INFO:sim:948 - Finished FLIST file generation.
Launching README viewer...
Moving files to output directory...
Finished moving files to output directory
Wrote CGP file for project 'helpBRAM'.
